--------------- Clean Started: 05/01/2025 17:24:37 Project: LAB2, Configuration: ARM GCC 4.9-2015-q1-update Debug ---------------
Deleting file ".\CortexM3\ARM_GCC_493\Debug\main.o"
Deleting file ".\CortexM3\ARM_GCC_493\Debug\cyfitter_cfg.o"
Deleting file ".\CortexM3\ARM_GCC_493\Debug\cymetadata.o"
Deleting file ".\CortexM3\ARM_GCC_493\Debug\LCD_Char_1.o"
Deleting file ".\CortexM3\ARM_GCC_493\Debug\LCD_Char_1_PM.o"
Deleting file ".\CortexM3\ARM_GCC_493\Debug\Pin_1.o"
Deleting file ".\CortexM3\ARM_GCC_493\Debug\ADC_DelSig_1.o"
Deleting file ".\CortexM3\ARM_GCC_493\Debug\ADC_DelSig_1_PM.o"
Deleting file ".\CortexM3\ARM_GCC_493\Debug\ADC_DelSig_1_INT.o"
Deleting file ".\CortexM3\ARM_GCC_493\Debug\MAC_unit_1_go_to_mac.o"
Deleting file ".\CortexM3\ARM_GCC_493\Debug\MAC_unit_1_go_to_mac_PM.o"
Deleting file ".\CortexM3\ARM_GCC_493\Debug\Clock_1.o"
Deleting file ".\CortexM3\ARM_GCC_493\Debug\Pin_2.o"
Deleting file ".\CortexM3\ARM_GCC_493\Debug\LCD_Char_1_LCDPort.o"
Deleting file ".\CortexM3\ARM_GCC_493\Debug\ADC_DelSig_1_Ext_CP_Clk.o"
Deleting file ".\CortexM3\ARM_GCC_493\Debug\ADC_DelSig_1_IRQ.o"
Deleting file ".\CortexM3\ARM_GCC_493\Debug\ADC_DelSig_1_theACLK.o"
Deleting file ".\CortexM3\ARM_GCC_493\Debug\Cm3Start.o"
Deleting file ".\CortexM3\ARM_GCC_493\Debug\CyBootAsmGnu.o"
Deleting file ".\CortexM3\ARM_GCC_493\Debug\CyDmac.o"
Deleting file ".\CortexM3\ARM_GCC_493\Debug\CyFlash.o"
Deleting file ".\CortexM3\ARM_GCC_493\Debug\CyLib.o"
Deleting file ".\CortexM3\ARM_GCC_493\Debug\cyPm.o"
Deleting file ".\CortexM3\ARM_GCC_493\Debug\CySpc.o"
Deleting file ".\CortexM3\ARM_GCC_493\Debug\cyutils.o"
Deleting file ".\CortexM3\ARM_GCC_493\Debug\MAC_unit_1_input_a.o"
Deleting file ".\CortexM3\ARM_GCC_493\Debug\MAC_unit_1_input_a_PM.o"
Deleting file ".\CortexM3\ARM_GCC_493\Debug\SPIM_1.o"
Deleting file ".\CortexM3\ARM_GCC_493\Debug\SPIM_1_PM.o"
Deleting file ".\CortexM3\ARM_GCC_493\Debug\SPIM_1_INT.o"
Deleting file ".\CortexM3\ARM_GCC_493\Debug\MISO.o"
Deleting file ".\CortexM3\ARM_GCC_493\Debug\MOSI.o"
Deleting file ".\CortexM3\ARM_GCC_493\Debug\SCLK.o"
Deleting file ".\CortexM3\ARM_GCC_493\Debug\SS.o"
Deleting file ".\CortexM3\ARM_GCC_493\Debug\RESET.o"
Deleting file ".\CortexM3\ARM_GCC_493\Debug\LED.o"
Deleting file ".\CortexM3\ARM_GCC_493\Debug\DC.o"
Deleting file ".\CortexM3\ARM_GCC_493\Debug\SPIM_1_IntClock.o"
Deleting file ".\CortexM3\ARM_GCC_493\Debug\LAB2.hex"
Deleting file ".\CortexM3\ARM_GCC_493\Debug\LAB2.map"
Deleting file ".\LAB2.cycdx"
Deleting file ".\LAB2.svd"
Deleting file ".\LAB2.rpt"
Deleting file ".\LAB2_timing.html"
Deleting file ".\CortexM3\ARM_GCC_493\Debug\.deps\C_FILE.P"
Deleting file ".\CortexM3\ARM_GCC_493\Debug\.deps\ARM_C_FILE.P"
Deleting file ".\CortexM3\ARM_GCC_493\Debug\.deps\GNU_ARM_ASM_FILE.P"
--------------- Clean Succeeded: 05/01/2025 17:24:37 ---------------
